<?xml version="1.0" encoding="UTF-8"?>
<!-- Generated by org.testng.reporters.JUnitReportReporter -->
<testsuite hostname="Apples-MacBook-Pro.local" failures="0" tests="1" name="Tests.FilterTesterSecond" time="20.490" errors="0" timestamp="2022-09-26T22:24:24 IST" skipped="0">
  <testcase classname="Tests.FilterTesterSecond" name="selectHeadquarterFilterInRejectedCustomers" time="20.490"/>
  <system-out/>
</testsuite> <!-- Tests.FilterTesterSecond -->
