<?xml version="1.0" encoding="UTF-8"?>
<!-- Generated by org.testng.reporters.JUnitReportReporter -->
<testsuite hostname="Apples-MacBook-Pro.local" failures="0" tests="1" name="Tests.FilterTester" time="21.946" errors="0" timestamp="2022-09-26T22:24:24 IST" skipped="0">
  <testcase classname="Tests.FilterTester" name="selectPendingFilterInLiveCustomers" time="21.946"/>
  <system-out/>
</testsuite> <!-- Tests.FilterTester -->
