<?xml version="1.0" encoding="UTF-8"?>
<!-- Generated by org.testng.reporters.JUnitReportReporter -->
<testsuite hostname="Apples-MacBook-Pro.local" failures="0" tests="1" name="Tests.SortingTester" time="14.649" errors="0" timestamp="2022-09-26T22:24:24 IST" skipped="0">
  <testcase classname="Tests.SortingTester" name="testSorting" time="14.649"/>
  <system-out/>
</testsuite> <!-- Tests.SortingTester -->
