<?xml version="1.0" encoding="UTF-8"?>
<!-- Generated by org.testng.reporters.JUnitReportReporter -->
<testsuite hostname="Apples-MacBook-Pro.local" failures="0" tests="1" name="Tests.Test1" time="22.095" errors="0" timestamp="2022-09-26T22:16:49 IST" skipped="0">
  <testcase classname="Tests.Test1" name="selectPendingFilterInLiveCustomers" time="22.095"/>
  <system-out/>
</testsuite> <!-- Tests.Test1 -->
