<?xml version="1.0" encoding="UTF-8"?>
<!-- Generated by org.testng.reporters.JUnitReportReporter -->
<testsuite hostname="Apples-MacBook-Pro.local" failures="0" tests="1" name="Tests.Test3" time="21.100" errors="0" timestamp="2022-09-26T22:16:49 IST" skipped="0">
  <testcase classname="Tests.Test3" name="selectHeadquarterFilterInRejectedCustomers" time="21.100"/>
  <system-out/>
</testsuite> <!-- Tests.Test3 -->
