<?xml version="1.0" encoding="UTF-8"?>
<!-- Generated by org.testng.reporters.JUnitReportReporter -->
<testsuite hostname="Apples-MacBook-Pro.local" failures="0" tests="1" name="Tests.SearchTester" time="12.289" errors="0" timestamp="2022-09-26T22:24:24 IST" skipped="0">
  <testcase classname="Tests.SearchTester" name="searchFunction" time="12.289"/>
  <system-out/>
</testsuite> <!-- Tests.SearchTester -->
